<?xml version="1.0" encoding="UTF-8"?>
<!-- Generated by org.testng.reporters.JUnitXMLReporter -->
<testsuite ignored="0" hostname="NTT-Laptop52" failures="0" tests="1" name="Google UI automation" time="0.272" errors="0" timestamp="30 Jun 2019 21:37:06 GMT">
  <testcase classname="com.nttd.automation.bdd.common.TestRunnerASDF" name="@BeforeClass setUpClass" time="0.225">
    <failure type="cucumber.runtime.CucumberException" message="java.util.regex.PatternSyntaxException: Illegal repetition near index 19
user searches for a {string}
                   ^">
      <![CDATA[cucumber.runtime.CucumberException: java.util.regex.PatternSyntaxException: Illegal repetition near index 19
user searches for a {string}
                   ^
at cucumber.runtime.java.JavaBackend.addStepDefinition(JavaBackend.java:149)
at cucumber.runtime.java.MethodScanner.scan(MethodScanner.java:63)
at cucumber.runtime.java.MethodScanner.scan(MethodScanner.java:40)
at cucumber.runtime.java.JavaBackend.loadGlue(JavaBackend.java:79)
at cucumber.runner.Runner.<init>(Runner.java:45)
at cucumber.runtime.Runtime.<init>(Runtime.java:65)
at cucumber.runtime.Runtime.<init>(Runtime.java:45)
at cucumber.runtime.Runtime.<init>(Runtime.java:41)
at cucumber.api.testng.TestNGCucumberRunner.<init>(TestNGCucumberRunner.java:50)
at com.nttd.automation.bdd.common.TestRunnerASDF.setUpClass(TestRunnerASDF.java:24)
at java.base/java.util.concurrent.FutureTask.run(FutureTask.java:264)
at java.base/java.util.concurrent.ThreadPoolExecutor.runWorker(ThreadPoolExecutor.java:1128)
at java.base/java.util.concurrent.ThreadPoolExecutor$Worker.run(ThreadPoolExecutor.java:628)
at java.base/java.lang.Thread.run(Thread.java:835)
Caused by: java.util.regex.PatternSyntaxException: Illegal repetition near index 19
user searches for a {string}
                   ^
at java.base/java.util.regex.Pattern.error(Pattern.java:2015)
at java.base/java.util.regex.Pattern.closure(Pattern.java:3308)
at java.base/java.util.regex.Pattern.sequence(Pattern.java:2201)
at java.base/java.util.regex.Pattern.expr(Pattern.java:2056)
at java.base/java.util.regex.Pattern.compile(Pattern.java:1778)
at java.base/java.util.regex.Pattern.<init>(Pattern.java:1427)
at java.base/java.util.regex.Pattern.compile(Pattern.java:1068)
at cucumber.runtime.java.JavaBackend.pattern(JavaBackend.java:185)
at cucumber.runtime.java.JavaBackend.addStepDefinition(JavaBackend.java:144)
... 30 more
... Removed 17 stack frames]]>
    </failure>
  </testcase> <!-- @BeforeClass setUpClass -->
  <testcase classname="com.nttd.automation.bdd.common.TestRunnerASDF" name="@AfterClass tearDownClass" time="0.0">
    <failure type="java.lang.NullPointerException">
      <![CDATA[java.lang.NullPointerException
at com.nttd.automation.bdd.common.TestRunnerASDF.tearDownClass(TestRunnerASDF.java:42)
at java.base/java.util.concurrent.FutureTask.run(FutureTask.java:264)
at java.base/java.util.concurrent.ThreadPoolExecutor.runWorker(ThreadPoolExecutor.java:1128)
at java.base/java.util.concurrent.ThreadPoolExecutor$Worker.run(ThreadPoolExecutor.java:628)
at java.base/java.lang.Thread.run(Thread.java:835)
... Removed 17 stack frames]]>
    </failure>
  </testcase> <!-- @AfterClass tearDownClass -->
  <testcase classname="com.nttd.automation.bdd.common.TestRunnerASDF" name="withoutInjection" time="0.0">
    <skipped/>
  </testcase> <!-- withoutInjection -->
</testsuite> <!-- Google UI automation -->
